  The_Parkinglot_Management_Program.c
c:\users\허유성\desktop\유성\4학년2학기동안 한 것들\취준\포폴\허유성_포트폴리오_자료\c\주차장 관리 프로그램\the_parkinglot_management_program\the_parkinglot_management_program\the_parkinglot_management_program\the_parkinglot_management_program.h(11): warning C4005: 'DELETE': 매크로 재정의
  c:\program files (x86)\windows kits\10\include\10.0.16299.0\um\winnt.h(8865): note: 'DELETE'의 이전 정의를 참조하십시오.
c:\users\허유성\desktop\유성\4학년2학기동안 한 것들\취준\포폴\허유성_포트폴리오_자료\c\주차장 관리 프로그램\the_parkinglot_management_program\the_parkinglot_management_program\the_parkinglot_management_program\the_parkinglot_management_program.c(88): warning C4996: 'scanf': This function or variable may be unsafe. Consider using scanf_s instead. To disable deprecation, use _CRT_SECURE_NO_WARNINGS. See online help for details.
  c:\program files (x86)\windows kits\10\include\10.0.16299.0\ucrt\stdio.h(1272): note: 'scanf' 선언을 참조하십시오.
c:\users\허유성\desktop\유성\4학년2학기동안 한 것들\취준\포폴\허유성_포트폴리오_자료\c\주차장 관리 프로그램\the_parkinglot_management_program\the_parkinglot_management_program\the_parkinglot_management_program\the_parkinglot_management_program.c(105): warning C4996: 'scanf': This function or variable may be unsafe. Consider using scanf_s instead. To disable deprecation, use _CRT_SECURE_NO_WARNINGS. See online help for details.
  c:\program files (x86)\windows kits\10\include\10.0.16299.0\ucrt\stdio.h(1272): note: 'scanf' 선언을 참조하십시오.
c:\users\허유성\desktop\유성\4학년2학기동안 한 것들\취준\포폴\허유성_포트폴리오_자료\c\주차장 관리 프로그램\the_parkinglot_management_program\the_parkinglot_management_program\the_parkinglot_management_program\the_parkinglot_management_program.c(136): warning C4996: 'scanf': This function or variable may be unsafe. Consider using scanf_s instead. To disable deprecation, use _CRT_SECURE_NO_WARNINGS. See online help for details.
  c:\program files (x86)\windows kits\10\include\10.0.16299.0\ucrt\stdio.h(1272): note: 'scanf' 선언을 참조하십시오.
c:\users\허유성\desktop\유성\4학년2학기동안 한 것들\취준\포폴\허유성_포트폴리오_자료\c\주차장 관리 프로그램\the_parkinglot_management_program\the_parkinglot_management_program\the_parkinglot_management_program\the_parkinglot_management_program.c(197): warning C4996: 'scanf': This function or variable may be unsafe. Consider using scanf_s instead. To disable deprecation, use _CRT_SECURE_NO_WARNINGS. See online help for details.
  c:\program files (x86)\windows kits\10\include\10.0.16299.0\ucrt\stdio.h(1272): note: 'scanf' 선언을 참조하십시오.
c:\users\허유성\desktop\유성\4학년2학기동안 한 것들\취준\포폴\허유성_포트폴리오_자료\c\주차장 관리 프로그램\the_parkinglot_management_program\the_parkinglot_management_program\the_parkinglot_management_program\the_parkinglot_management_program.c(226): warning C4996: 'scanf': This function or variable may be unsafe. Consider using scanf_s instead. To disable deprecation, use _CRT_SECURE_NO_WARNINGS. See online help for details.
  c:\program files (x86)\windows kits\10\include\10.0.16299.0\ucrt\stdio.h(1272): note: 'scanf' 선언을 참조하십시오.
c:\users\허유성\desktop\유성\4학년2학기동안 한 것들\취준\포폴\허유성_포트폴리오_자료\c\주차장 관리 프로그램\the_parkinglot_management_program\the_parkinglot_management_program\the_parkinglot_management_program\the_parkinglot_management_program.c(253): warning C4996: 'strcpy': This function or variable may be unsafe. Consider using strcpy_s instead. To disable deprecation, use _CRT_SECURE_NO_WARNINGS. See online help for details.
  c:\program files (x86)\windows kits\10\include\10.0.16299.0\ucrt\string.h(132): note: 'strcpy' 선언을 참조하십시오.
c:\users\허유성\desktop\유성\4학년2학기동안 한 것들\취준\포폴\허유성_포트폴리오_자료\c\주차장 관리 프로그램\the_parkinglot_management_program\the_parkinglot_management_program\the_parkinglot_management_program\the_parkinglot_management_program.c(254): warning C4996: 'strcpy': This function or variable may be unsafe. Consider using strcpy_s instead. To disable deprecation, use _CRT_SECURE_NO_WARNINGS. See online help for details.
  c:\program files (x86)\windows kits\10\include\10.0.16299.0\ucrt\string.h(132): note: 'strcpy' 선언을 참조하십시오.
c:\users\허유성\desktop\유성\4학년2학기동안 한 것들\취준\포폴\허유성_포트폴리오_자료\c\주차장 관리 프로그램\the_parkinglot_management_program\the_parkinglot_management_program\the_parkinglot_management_program\the_parkinglot_management_program.c(255): warning C4996: 'strcpy': This function or variable may be unsafe. Consider using strcpy_s instead. To disable deprecation, use _CRT_SECURE_NO_WARNINGS. See online help for details.
  c:\program files (x86)\windows kits\10\include\10.0.16299.0\ucrt\string.h(132): note: 'strcpy' 선언을 참조하십시오.
c:\users\허유성\desktop\유성\4학년2학기동안 한 것들\취준\포폴\허유성_포트폴리오_자료\c\주차장 관리 프로그램\the_parkinglot_management_program\the_parkinglot_management_program\the_parkinglot_management_program\the_parkinglot_management_program.c(257): warning C4996: 'strcpy': This function or variable may be unsafe. Consider using strcpy_s instead. To disable deprecation, use _CRT_SECURE_NO_WARNINGS. See online help for details.
  c:\program files (x86)\windows kits\10\include\10.0.16299.0\ucrt\string.h(132): note: 'strcpy' 선언을 참조하십시오.
c:\users\허유성\desktop\유성\4학년2학기동안 한 것들\취준\포폴\허유성_포트폴리오_자료\c\주차장 관리 프로그램\the_parkinglot_management_program\the_parkinglot_management_program\the_parkinglot_management_program\the_parkinglot_management_program.c(258): warning C4996: 'strcpy': This function or variable may be unsafe. Consider using strcpy_s instead. To disable deprecation, use _CRT_SECURE_NO_WARNINGS. See online help for details.
  c:\program files (x86)\windows kits\10\include\10.0.16299.0\ucrt\string.h(132): note: 'strcpy' 선언을 참조하십시오.
c:\users\허유성\desktop\유성\4학년2학기동안 한 것들\취준\포폴\허유성_포트폴리오_자료\c\주차장 관리 프로그램\the_parkinglot_management_program\the_parkinglot_management_program\the_parkinglot_management_program\the_parkinglot_management_program.c(259): warning C4996: 'strcpy': This function or variable may be unsafe. Consider using strcpy_s instead. To disable deprecation, use _CRT_SECURE_NO_WARNINGS. See online help for details.
  c:\program files (x86)\windows kits\10\include\10.0.16299.0\ucrt\string.h(132): note: 'strcpy' 선언을 참조하십시오.
c:\users\허유성\desktop\유성\4학년2학기동안 한 것들\취준\포폴\허유성_포트폴리오_자료\c\주차장 관리 프로그램\the_parkinglot_management_program\the_parkinglot_management_program\the_parkinglot_management_program\the_parkinglot_management_program.c(273): warning C4996: 'scanf': This function or variable may be unsafe. Consider using scanf_s instead. To disable deprecation, use _CRT_SECURE_NO_WARNINGS. See online help for details.
  c:\program files (x86)\windows kits\10\include\10.0.16299.0\ucrt\stdio.h(1272): note: 'scanf' 선언을 참조하십시오.
c:\users\허유성\desktop\유성\4학년2학기동안 한 것들\취준\포폴\허유성_포트폴리오_자료\c\주차장 관리 프로그램\the_parkinglot_management_program\the_parkinglot_management_program\the_parkinglot_management_program\the_parkinglot_management_program.c(308): warning C4996: 'scanf': This function or variable may be unsafe. Consider using scanf_s instead. To disable deprecation, use _CRT_SECURE_NO_WARNINGS. See online help for details.
  c:\program files (x86)\windows kits\10\include\10.0.16299.0\ucrt\stdio.h(1272): note: 'scanf' 선언을 참조하십시오.
c:\users\허유성\desktop\유성\4학년2학기동안 한 것들\취준\포폴\허유성_포트폴리오_자료\c\주차장 관리 프로그램\the_parkinglot_management_program\the_parkinglot_management_program\the_parkinglot_management_program\the_parkinglot_management_program.c(339): warning C4047: '초기화 중': 'char'의 간접 참조 수준이 'void *'과(와) 다릅니다.
c:\users\허유성\desktop\유성\4학년2학기동안 한 것들\취준\포폴\허유성_포트폴리오_자료\c\주차장 관리 프로그램\the_parkinglot_management_program\the_parkinglot_management_program\the_parkinglot_management_program\the_parkinglot_management_program.c(349): warning C4996: 'scanf': This function or variable may be unsafe. Consider using scanf_s instead. To disable deprecation, use _CRT_SECURE_NO_WARNINGS. See online help for details.
  c:\program files (x86)\windows kits\10\include\10.0.16299.0\ucrt\stdio.h(1272): note: 'scanf' 선언을 참조하십시오.
c:\users\허유성\desktop\유성\4학년2학기동안 한 것들\취준\포폴\허유성_포트폴리오_자료\c\주차장 관리 프로그램\the_parkinglot_management_program\the_parkinglot_management_program\the_parkinglot_management_program\the_parkinglot_management_program.c(364): warning C4996: 'strcpy': This function or variable may be unsafe. Consider using strcpy_s instead. To disable deprecation, use _CRT_SECURE_NO_WARNINGS. See online help for details.
  c:\program files (x86)\windows kits\10\include\10.0.16299.0\ucrt\string.h(132): note: 'strcpy' 선언을 참조하십시오.
c:\users\허유성\desktop\유성\4학년2학기동안 한 것들\취준\포폴\허유성_포트폴리오_자료\c\주차장 관리 프로그램\the_parkinglot_management_program\the_parkinglot_management_program\the_parkinglot_management_program\the_parkinglot_management_program.c(365): warning C4996: 'strcpy': This function or variable may be unsafe. Consider using strcpy_s instead. To disable deprecation, use _CRT_SECURE_NO_WARNINGS. See online help for details.
  c:\program files (x86)\windows kits\10\include\10.0.16299.0\ucrt\string.h(132): note: 'strcpy' 선언을 참조하십시오.
c:\users\허유성\desktop\유성\4학년2학기동안 한 것들\취준\포폴\허유성_포트폴리오_자료\c\주차장 관리 프로그램\the_parkinglot_management_program\the_parkinglot_management_program\the_parkinglot_management_program\the_parkinglot_management_program.c(384): warning C4996: 'strcpy': This function or variable may be unsafe. Consider using strcpy_s instead. To disable deprecation, use _CRT_SECURE_NO_WARNINGS. See online help for details.
  c:\program files (x86)\windows kits\10\include\10.0.16299.0\ucrt\string.h(132): note: 'strcpy' 선언을 참조하십시오.
c:\users\허유성\desktop\유성\4학년2학기동안 한 것들\취준\포폴\허유성_포트폴리오_자료\c\주차장 관리 프로그램\the_parkinglot_management_program\the_parkinglot_management_program\the_parkinglot_management_program\the_parkinglot_management_program.c(385): warning C4996: 'strcpy': This function or variable may be unsafe. Consider using strcpy_s instead. To disable deprecation, use _CRT_SECURE_NO_WARNINGS. See online help for details.
  c:\program files (x86)\windows kits\10\include\10.0.16299.0\ucrt\string.h(132): note: 'strcpy' 선언을 참조하십시오.
c:\users\허유성\desktop\유성\4학년2학기동안 한 것들\취준\포폴\허유성_포트폴리오_자료\c\주차장 관리 프로그램\the_parkinglot_management_program\the_parkinglot_management_program\the_parkinglot_management_program\the_parkinglot_management_program.c(404): warning C4996: 'strcpy': This function or variable may be unsafe. Consider using strcpy_s instead. To disable deprecation, use _CRT_SECURE_NO_WARNINGS. See online help for details.
  c:\program files (x86)\windows kits\10\include\10.0.16299.0\ucrt\string.h(132): note: 'strcpy' 선언을 참조하십시오.
c:\users\허유성\desktop\유성\4학년2학기동안 한 것들\취준\포폴\허유성_포트폴리오_자료\c\주차장 관리 프로그램\the_parkinglot_management_program\the_parkinglot_management_program\the_parkinglot_management_program\the_parkinglot_management_program.c(405): warning C4996: 'strcpy': This function or variable may be unsafe. Consider using strcpy_s instead. To disable deprecation, use _CRT_SECURE_NO_WARNINGS. See online help for details.
  c:\program files (x86)\windows kits\10\include\10.0.16299.0\ucrt\string.h(132): note: 'strcpy' 선언을 참조하십시오.
c:\users\허유성\desktop\유성\4학년2학기동안 한 것들\취준\포폴\허유성_포트폴리오_자료\c\주차장 관리 프로그램\the_parkinglot_management_program\the_parkinglot_management_program\the_parkinglot_management_program\the_parkinglot_management_program.c(424): warning C4996: 'strcpy': This function or variable may be unsafe. Consider using strcpy_s instead. To disable deprecation, use _CRT_SECURE_NO_WARNINGS. See online help for details.
  c:\program files (x86)\windows kits\10\include\10.0.16299.0\ucrt\string.h(132): note: 'strcpy' 선언을 참조하십시오.
c:\users\허유성\desktop\유성\4학년2학기동안 한 것들\취준\포폴\허유성_포트폴리오_자료\c\주차장 관리 프로그램\the_parkinglot_management_program\the_parkinglot_management_program\the_parkinglot_management_program\the_parkinglot_management_program.c(425): warning C4996: 'strcpy': This function or variable may be unsafe. Consider using strcpy_s instead. To disable deprecation, use _CRT_SECURE_NO_WARNINGS. See online help for details.
  c:\program files (x86)\windows kits\10\include\10.0.16299.0\ucrt\string.h(132): note: 'strcpy' 선언을 참조하십시오.
c:\users\허유성\desktop\유성\4학년2학기동안 한 것들\취준\포폴\허유성_포트폴리오_자료\c\주차장 관리 프로그램\the_parkinglot_management_program\the_parkinglot_management_program\the_parkinglot_management_program\the_parkinglot_management_program.c(446): warning C4047: '초기화 중': 'char'의 간접 참조 수준이 'void *'과(와) 다릅니다.
c:\users\허유성\desktop\유성\4학년2학기동안 한 것들\취준\포폴\허유성_포트폴리오_자료\c\주차장 관리 프로그램\the_parkinglot_management_program\the_parkinglot_management_program\the_parkinglot_management_program\the_parkinglot_management_program.c(456): warning C4996: 'scanf': This function or variable may be unsafe. Consider using scanf_s instead. To disable deprecation, use _CRT_SECURE_NO_WARNINGS. See online help for details.
  c:\program files (x86)\windows kits\10\include\10.0.16299.0\ucrt\stdio.h(1272): note: 'scanf' 선언을 참조하십시오.
c:\users\허유성\desktop\유성\4학년2학기동안 한 것들\취준\포폴\허유성_포트폴리오_자료\c\주차장 관리 프로그램\the_parkinglot_management_program\the_parkinglot_management_program\the_parkinglot_management_program\the_parkinglot_management_program.c(469): warning C4996: 'strcpy': This function or variable may be unsafe. Consider using strcpy_s instead. To disable deprecation, use _CRT_SECURE_NO_WARNINGS. See online help for details.
  c:\program files (x86)\windows kits\10\include\10.0.16299.0\ucrt\string.h(132): note: 'strcpy' 선언을 참조하십시오.
c:\users\허유성\desktop\유성\4학년2학기동안 한 것들\취준\포폴\허유성_포트폴리오_자료\c\주차장 관리 프로그램\the_parkinglot_management_program\the_parkinglot_management_program\the_parkinglot_management_program\the_parkinglot_management_program.c(470): warning C4996: 'strcpy': This function or variable may be unsafe. Consider using strcpy_s instead. To disable deprecation, use _CRT_SECURE_NO_WARNINGS. See online help for details.
  c:\program files (x86)\windows kits\10\include\10.0.16299.0\ucrt\string.h(132): note: 'strcpy' 선언을 참조하십시오.
c:\users\허유성\desktop\유성\4학년2학기동안 한 것들\취준\포폴\허유성_포트폴리오_자료\c\주차장 관리 프로그램\the_parkinglot_management_program\the_parkinglot_management_program\the_parkinglot_management_program\the_parkinglot_management_program.c(489): warning C4996: 'strcpy': This function or variable may be unsafe. Consider using strcpy_s instead. To disable deprecation, use _CRT_SECURE_NO_WARNINGS. See online help for details.
  c:\program files (x86)\windows kits\10\include\10.0.16299.0\ucrt\string.h(132): note: 'strcpy' 선언을 참조하십시오.
c:\users\허유성\desktop\유성\4학년2학기동안 한 것들\취준\포폴\허유성_포트폴리오_자료\c\주차장 관리 프로그램\the_parkinglot_management_program\the_parkinglot_management_program\the_parkinglot_management_program\the_parkinglot_management_program.c(490): warning C4996: 'strcpy': This function or variable may be unsafe. Consider using strcpy_s instead. To disable deprecation, use _CRT_SECURE_NO_WARNINGS. See online help for details.
  c:\program files (x86)\windows kits\10\include\10.0.16299.0\ucrt\string.h(132): note: 'strcpy' 선언을 참조하십시오.
c:\users\허유성\desktop\유성\4학년2학기동안 한 것들\취준\포폴\허유성_포트폴리오_자료\c\주차장 관리 프로그램\the_parkinglot_management_program\the_parkinglot_management_program\the_parkinglot_management_program\the_parkinglot_management_program.c(510): warning C4996: 'strcpy': This function or variable may be unsafe. Consider using strcpy_s instead. To disable deprecation, use _CRT_SECURE_NO_WARNINGS. See online help for details.
  c:\program files (x86)\windows kits\10\include\10.0.16299.0\ucrt\string.h(132): note: 'strcpy' 선언을 참조하십시오.
c:\users\허유성\desktop\유성\4학년2학기동안 한 것들\취준\포폴\허유성_포트폴리오_자료\c\주차장 관리 프로그램\the_parkinglot_management_program\the_parkinglot_management_program\the_parkinglot_management_program\the_parkinglot_management_program.c(511): warning C4996: 'strcpy': This function or variable may be unsafe. Consider using strcpy_s instead. To disable deprecation, use _CRT_SECURE_NO_WARNINGS. See online help for details.
  c:\program files (x86)\windows kits\10\include\10.0.16299.0\ucrt\string.h(132): note: 'strcpy' 선언을 참조하십시오.
c:\users\허유성\desktop\유성\4학년2학기동안 한 것들\취준\포폴\허유성_포트폴리오_자료\c\주차장 관리 프로그램\the_parkinglot_management_program\the_parkinglot_management_program\the_parkinglot_management_program\the_parkinglot_management_program.c(531): warning C4996: 'strcpy': This function or variable may be unsafe. Consider using strcpy_s instead. To disable deprecation, use _CRT_SECURE_NO_WARNINGS. See online help for details.
  c:\program files (x86)\windows kits\10\include\10.0.16299.0\ucrt\string.h(132): note: 'strcpy' 선언을 참조하십시오.
c:\users\허유성\desktop\유성\4학년2학기동안 한 것들\취준\포폴\허유성_포트폴리오_자료\c\주차장 관리 프로그램\the_parkinglot_management_program\the_parkinglot_management_program\the_parkinglot_management_program\the_parkinglot_management_program.c(532): warning C4996: 'strcpy': This function or variable may be unsafe. Consider using strcpy_s instead. To disable deprecation, use _CRT_SECURE_NO_WARNINGS. See online help for details.
  c:\program files (x86)\windows kits\10\include\10.0.16299.0\ucrt\string.h(132): note: 'strcpy' 선언을 참조하십시오.
c:\users\허유성\desktop\유성\4학년2학기동안 한 것들\취준\포폴\허유성_포트폴리오_자료\c\주차장 관리 프로그램\the_parkinglot_management_program\the_parkinglot_management_program\the_parkinglot_management_program\the_parkinglot_management_program.c(556): warning C4047: '초기화 중': 'char'의 간접 참조 수준이 'void *'과(와) 다릅니다.
c:\users\허유성\desktop\유성\4학년2학기동안 한 것들\취준\포폴\허유성_포트폴리오_자료\c\주차장 관리 프로그램\the_parkinglot_management_program\the_parkinglot_management_program\the_parkinglot_management_program\the_parkinglot_management_program.c(557): warning C4047: '초기화 중': 'char'의 간접 참조 수준이 'void *'과(와) 다릅니다.
c:\users\허유성\desktop\유성\4학년2학기동안 한 것들\취준\포폴\허유성_포트폴리오_자료\c\주차장 관리 프로그램\the_parkinglot_management_program\the_parkinglot_management_program\the_parkinglot_management_program\the_parkinglot_management_program.c(572): warning C4996: 'strcpy': This function or variable may be unsafe. Consider using strcpy_s instead. To disable deprecation, use _CRT_SECURE_NO_WARNINGS. See online help for details.
  c:\program files (x86)\windows kits\10\include\10.0.16299.0\ucrt\string.h(132): note: 'strcpy' 선언을 참조하십시오.
c:\users\허유성\desktop\유성\4학년2학기동안 한 것들\취준\포폴\허유성_포트폴리오_자료\c\주차장 관리 프로그램\the_parkinglot_management_program\the_parkinglot_management_program\the_parkinglot_management_program\the_parkinglot_management_program.c(573): warning C4996: 'strcpy': This function or variable may be unsafe. Consider using strcpy_s instead. To disable deprecation, use _CRT_SECURE_NO_WARNINGS. See online help for details.
  c:\program files (x86)\windows kits\10\include\10.0.16299.0\ucrt\string.h(132): note: 'strcpy' 선언을 참조하십시오.
c:\users\허유성\desktop\유성\4학년2학기동안 한 것들\취준\포폴\허유성_포트폴리오_자료\c\주차장 관리 프로그램\the_parkinglot_management_program\the_parkinglot_management_program\the_parkinglot_management_program\the_parkinglot_management_program.c(615): warning C4996: 'strcpy': This function or variable may be unsafe. Consider using strcpy_s instead. To disable deprecation, use _CRT_SECURE_NO_WARNINGS. See online help for details.
  c:\program files (x86)\windows kits\10\include\10.0.16299.0\ucrt\string.h(132): note: 'strcpy' 선언을 참조하십시오.
c:\users\허유성\desktop\유성\4학년2학기동안 한 것들\취준\포폴\허유성_포트폴리오_자료\c\주차장 관리 프로그램\the_parkinglot_management_program\the_parkinglot_management_program\the_parkinglot_management_program\the_parkinglot_management_program.c(618): warning C4996: 'strcpy': This function or variable may be unsafe. Consider using strcpy_s instead. To disable deprecation, use _CRT_SECURE_NO_WARNINGS. See online help for details.
  c:\program files (x86)\windows kits\10\include\10.0.16299.0\ucrt\string.h(132): note: 'strcpy' 선언을 참조하십시오.
c:\users\허유성\desktop\유성\4학년2학기동안 한 것들\취준\포폴\허유성_포트폴리오_자료\c\주차장 관리 프로그램\the_parkinglot_management_program\the_parkinglot_management_program\the_parkinglot_management_program\the_parkinglot_management_program.c(621): warning C4996: 'strcpy': This function or variable may be unsafe. Consider using strcpy_s instead. To disable deprecation, use _CRT_SECURE_NO_WARNINGS. See online help for details.
  c:\program files (x86)\windows kits\10\include\10.0.16299.0\ucrt\string.h(132): note: 'strcpy' 선언을 참조하십시오.
c:\users\허유성\desktop\유성\4학년2학기동안 한 것들\취준\포폴\허유성_포트폴리오_자료\c\주차장 관리 프로그램\the_parkinglot_management_program\the_parkinglot_management_program\the_parkinglot_management_program\the_parkinglot_management_program.c(624): warning C4996: 'strcpy': This function or variable may be unsafe. Consider using strcpy_s instead. To disable deprecation, use _CRT_SECURE_NO_WARNINGS. See online help for details.
  c:\program files (x86)\windows kits\10\include\10.0.16299.0\ucrt\string.h(132): note: 'strcpy' 선언을 참조하십시오.
c:\users\허유성\desktop\유성\4학년2학기동안 한 것들\취준\포폴\허유성_포트폴리오_자료\c\주차장 관리 프로그램\the_parkinglot_management_program\the_parkinglot_management_program\the_parkinglot_management_program\the_parkinglot_management_program.c(642): warning C4996: 'strcpy': This function or variable may be unsafe. Consider using strcpy_s instead. To disable deprecation, use _CRT_SECURE_NO_WARNINGS. See online help for details.
  c:\program files (x86)\windows kits\10\include\10.0.16299.0\ucrt\string.h(132): note: 'strcpy' 선언을 참조하십시오.
c:\users\허유성\desktop\유성\4학년2학기동안 한 것들\취준\포폴\허유성_포트폴리오_자료\c\주차장 관리 프로그램\the_parkinglot_management_program\the_parkinglot_management_program\the_parkinglot_management_program\the_parkinglot_management_program.c(645): warning C4996: 'strcpy': This function or variable may be unsafe. Consider using strcpy_s instead. To disable deprecation, use _CRT_SECURE_NO_WARNINGS. See online help for details.
  c:\program files (x86)\windows kits\10\include\10.0.16299.0\ucrt\string.h(132): note: 'strcpy' 선언을 참조하십시오.
c:\users\허유성\desktop\유성\4학년2학기동안 한 것들\취준\포폴\허유성_포트폴리오_자료\c\주차장 관리 프로그램\the_parkinglot_management_program\the_parkinglot_management_program\the_parkinglot_management_program\the_parkinglot_management_program.c(648): warning C4996: 'strcpy': This function or variable may be unsafe. Consider using strcpy_s instead. To disable deprecation, use _CRT_SECURE_NO_WARNINGS. See online help for details.
  c:\program files (x86)\windows kits\10\include\10.0.16299.0\ucrt\string.h(132): note: 'strcpy' 선언을 참조하십시오.
c:\users\허유성\desktop\유성\4학년2학기동안 한 것들\취준\포폴\허유성_포트폴리오_자료\c\주차장 관리 프로그램\the_parkinglot_management_program\the_parkinglot_management_program\the_parkinglot_management_program\the_parkinglot_management_program.c(652): warning C4996: 'strcpy': This function or variable may be unsafe. Consider using strcpy_s instead. To disable deprecation, use _CRT_SECURE_NO_WARNINGS. See online help for details.
  c:\program files (x86)\windows kits\10\include\10.0.16299.0\ucrt\string.h(132): note: 'strcpy' 선언을 참조하십시오.
c:\users\허유성\desktop\유성\4학년2학기동안 한 것들\취준\포폴\허유성_포트폴리오_자료\c\주차장 관리 프로그램\the_parkinglot_management_program\the_parkinglot_management_program\the_parkinglot_management_program\the_parkinglot_management_program.c(654): warning C4996: 'strcpy': This function or variable may be unsafe. Consider using strcpy_s instead. To disable deprecation, use _CRT_SECURE_NO_WARNINGS. See online help for details.
  c:\program files (x86)\windows kits\10\include\10.0.16299.0\ucrt\string.h(132): note: 'strcpy' 선언을 참조하십시오.
c:\users\허유성\desktop\유성\4학년2학기동안 한 것들\취준\포폴\허유성_포트폴리오_자료\c\주차장 관리 프로그램\the_parkinglot_management_program\the_parkinglot_management_program\the_parkinglot_management_program\the_parkinglot_management_program.c(682): warning C4996: 'scanf': This function or variable may be unsafe. Consider using scanf_s instead. To disable deprecation, use _CRT_SECURE_NO_WARNINGS. See online help for details.
  c:\program files (x86)\windows kits\10\include\10.0.16299.0\ucrt\stdio.h(1272): note: 'scanf' 선언을 참조하십시오.
c:\users\허유성\desktop\유성\4학년2학기동안 한 것들\취준\포폴\허유성_포트폴리오_자료\c\주차장 관리 프로그램\the_parkinglot_management_program\the_parkinglot_management_program\the_parkinglot_management_program\the_parkinglot_management_program.c(684): warning C4996: 'fopen': This function or variable may be unsafe. Consider using fopen_s instead. To disable deprecation, use _CRT_SECURE_NO_WARNINGS. See online help for details.
  c:\program files (x86)\windows kits\10\include\10.0.16299.0\ucrt\stdio.h(207): note: 'fopen' 선언을 참조하십시오.
c:\users\허유성\desktop\유성\4학년2학기동안 한 것들\취준\포폴\허유성_포트폴리오_자료\c\주차장 관리 프로그램\the_parkinglot_management_program\the_parkinglot_management_program\the_parkinglot_management_program\the_parkinglot_management_program.c(698): warning C4996: 'fscanf': This function or variable may be unsafe. Consider using fscanf_s instead. To disable deprecation, use _CRT_SECURE_NO_WARNINGS. See online help for details.
  c:\program files (x86)\windows kits\10\include\10.0.16299.0\ucrt\stdio.h(1195): note: 'fscanf' 선언을 참조하십시오.
c:\users\허유성\desktop\유성\4학년2학기동안 한 것들\취준\포폴\허유성_포트폴리오_자료\c\주차장 관리 프로그램\the_parkinglot_management_program\the_parkinglot_management_program\the_parkinglot_management_program\the_parkinglot_management_program.c(702): warning C4996: 'fscanf': This function or variable may be unsafe. Consider using fscanf_s instead. To disable deprecation, use _CRT_SECURE_NO_WARNINGS. See online help for details.
  c:\program files (x86)\windows kits\10\include\10.0.16299.0\ucrt\stdio.h(1195): note: 'fscanf' 선언을 참조하십시오.
c:\users\허유성\desktop\유성\4학년2학기동안 한 것들\취준\포폴\허유성_포트폴리오_자료\c\주차장 관리 프로그램\the_parkinglot_management_program\the_parkinglot_management_program\the_parkinglot_management_program\the_parkinglot_management_program.c(724): warning C4996: 'scanf': This function or variable may be unsafe. Consider using scanf_s instead. To disable deprecation, use _CRT_SECURE_NO_WARNINGS. See online help for details.
  c:\program files (x86)\windows kits\10\include\10.0.16299.0\ucrt\stdio.h(1272): note: 'scanf' 선언을 참조하십시오.
c:\users\허유성\desktop\유성\4학년2학기동안 한 것들\취준\포폴\허유성_포트폴리오_자료\c\주차장 관리 프로그램\the_parkinglot_management_program\the_parkinglot_management_program\the_parkinglot_management_program\the_parkinglot_management_program.c(729): warning C4996: 'fopen': This function or variable may be unsafe. Consider using fopen_s instead. To disable deprecation, use _CRT_SECURE_NO_WARNINGS. See online help for details.
  c:\program files (x86)\windows kits\10\include\10.0.16299.0\ucrt\stdio.h(207): note: 'fopen' 선언을 참조하십시오.
c:\users\허유성\desktop\유성\4학년2학기동안 한 것들\취준\포폴\허유성_포트폴리오_자료\c\주차장 관리 프로그램\the_parkinglot_management_program\the_parkinglot_management_program\the_parkinglot_management_program\the_parkinglot_management_program.c(627): warning C4172: 지역 변수 또는 임시: NewCarType의 주소를 반환하고 있습니다.
c:\users\허유성\desktop\유성\4학년2학기동안 한 것들\취준\포폴\허유성_포트폴리오_자료\c\주차장 관리 프로그램\the_parkinglot_management_program\the_parkinglot_management_program\the_parkinglot_management_program\the_parkinglot_management_program.c(659): warning C4172: 지역 변수 또는 임시: NewCarType의 주소를 반환하고 있습니다.
The_Parkinglot_Management_Program.obj : warning LNK4075: '/EDITANDCONTINUE'이(가) '/INCREMENTAL:NO' 사양으로 인해 무시됩니다.
  The_Parkinglot_management_program.vcxproj -> C:\Users\허유성\Desktop\유성\4학년2학기동안 한 것들\취준\포폴\허유성_포트폴리오_자료\C\주차장 관리 프로그램\The_Parkinglot_management_program\The_Parkinglot_management_program\Debug\The_Parkinglot_management_program.exe
